Traceback (most recent call last):
  File "C:\Users\willy\AppData\Local\Programs\Python\Python310\lib\site-packages\jupyter_cache\executors\utils.py", line 58, in single_nb_execution
    executenb(
  File "C:\Users\willy\AppData\Local\Programs\Python\Python310\lib\site-packages\nbclient\client.py", line 1269, in execute
    return NotebookClient(nb=nb, resources=resources, km=km, **kwargs).execute()
  File "C:\Users\willy\AppData\Local\Programs\Python\Python310\lib\site-packages\nbclient\util.py", line 85, in wrapped
    return just_run(coro(*args, **kwargs))
  File "C:\Users\willy\AppData\Local\Programs\Python\Python310\lib\site-packages\nbclient\util.py", line 60, in just_run
    return loop.run_until_complete(coro)
  File "C:\Users\willy\AppData\Local\Programs\Python\Python310\lib\asyncio\base_events.py", line 646, in run_until_complete
    return future.result()
  File "C:\Users\willy\AppData\Local\Programs\Python\Python310\lib\site-packages\nbclient\client.py", line 707, in async_execute
    await self.async_execute_cell(
  File "C:\Users\willy\AppData\Local\Programs\Python\Python310\lib\site-packages\nbclient\client.py", line 1025, in async_execute_cell
    await self._check_raise_for_error(cell, cell_index, exec_reply)
  File "C:\Users\willy\AppData\Local\Programs\Python\Python310\lib\site-packages\nbclient\client.py", line 919, in _check_raise_for_error
    raise CellExecutionError.from_cell_and_msg(cell, exec_reply_content)
nbclient.exceptions.CellExecutionError: An error occurred while executing the following cell:
------------------
import asyncio
from twikit import Client

USERNAME = 'ArdiansahN526'
EMAIL = '0cyplh8std@lnovic.com'
PASSWORD = 'halo1234'

# Initialize client
client = Client(language='en-US')

# Di Jupyter Notebook, gunakan await langsung (tidak perlu asyncio.run)
await client.login(
    auth_info_1=USERNAME,
    auth_info_2=EMAIL,
    password=PASSWORD
)

print("✅ Login berhasil!")
------------------

[1;31m---------------------------------------------------------------------------[0m
[1;31mForbidden[0m                                 Traceback (most recent call last)
Cell [1;32mIn [2], line 12[0m
[0;32m      9[0m client [38;5;241m=[39m Client(language[38;5;241m=[39m[38;5;124m'[39m[38;5;124men-US[39m[38;5;124m'[39m)
[0;32m     11[0m [38;5;66;03m# Di Jupyter Notebook, gunakan await langsung (tidak perlu asyncio.run)[39;00m
[1;32m---> 12[0m [38;5;28;01mawait[39;00m client[38;5;241m.[39mlogin(
[0;32m     13[0m     auth_info_1[38;5;241m=[39mUSERNAME,
[0;32m     14[0m     auth_info_2[38;5;241m=[39mEMAIL,
[0;32m     15[0m     password[38;5;241m=[39mPASSWORD
[0;32m     16[0m )
[0;32m     18[0m [38;5;28mprint[39m([38;5;124m"[39m[38;5;124m✅ Login berhasil![39m[38;5;124m"[39m)

File [1;32m~\AppData\Local\Programs\Python\Python310\lib\site-packages\twikit\client\client.py:343[0m, in [0;36mClient.login[1;34m(self, auth_info_1, auth_info_2, password, totp_secret, cookies_file, enable_ui_metrics)[0m
[0;32m    339[0m guest_token [38;5;241m=[39m [38;5;28;01mawait[39;00m [38;5;28mself[39m[38;5;241m.[39m_get_guest_token()
[0;32m    341[0m flow [38;5;241m=[39m Flow([38;5;28mself[39m, guest_token)
[1;32m--> 343[0m [38;5;28;01mawait[39;00m flow[38;5;241m.[39mexecute_task(params[38;5;241m=[39m{[38;5;124m'[39m[38;5;124mflow_name[39m[38;5;124m'[39m: [38;5;124m'[39m[38;5;124mlogin[39m[38;5;124m'[39m}, data[38;5;241m=[39m{
[0;32m    344[0m     [38;5;124m'[39m[38;5;124minput_flow_data[39m[38;5;124m'[39m: {
[0;32m    345[0m         [38;5;124m'[39m[38;5;124mflow_context[39m[38;5;124m'[39m: {
[0;32m    346[0m             [38;5;124m'[39m[38;5;124mdebug_overrides[39m[38;5;124m'[39m: {},
[0;32m    347[0m             [38;5;124m'[39m[38;5;124mstart_location[39m[38;5;124m'[39m: {
[0;32m    348[0m                 [38;5;124m'[39m[38;5;124mlocation[39m[38;5;124m'[39m: [38;5;124m'[39m[38;5;124msplash_screen[39m[38;5;124m'[39m
[0;32m    349[0m             }
[0;32m    350[0m         }
[0;32m    351[0m     },
[0;32m    352[0m     [38;5;124m'[39m[38;5;124msubtask_versions[39m[38;5;124m'[39m: {
[0;32m    353[0m         [38;5;124m'[39m[38;5;124maction_list[39m[38;5;124m'[39m: [38;5;241m2[39m,
[0;32m    354[0m         [38;5;124m'[39m[38;5;124malert_dialog[39m[38;5;124m'[39m: [38;5;241m1[39m,
[0;32m    355[0m         [38;5;124m'[39m[38;5;124mapp_download_cta[39m[38;5;124m'[39m: [38;5;241m1[39m,
[0;32m    356[0m         [38;5;124m'[39m[38;5;124mcheck_logged_in_account[39m[38;5;124m'[39m: [38;5;241m1[39m,
[0;32m    357[0m         [38;5;124m'[39m[38;5;124mchoice_selection[39m[38;5;124m'[39m: [38;5;241m3[39m,
[0;32m    358[0m         [38;5;124m'[39m[38;5;124mcontacts_live_sync_permission_prompt[39m[38;5;124m'[39m: [38;5;241m0[39m,
[0;32m    359[0m         [38;5;124m'[39m[38;5;124mcta[39m[38;5;124m'[39m: [38;5;241m7[39m,
[0;32m    360[0m         [38;5;124m'[39m[38;5;124memail_verification[39m[38;5;124m'[39m: [38;5;241m2[39m,
[0;32m    361[0m         [38;5;124m'[39m[38;5;124mend_flow[39m[38;5;124m'[39m: [38;5;241m1[39m,
[0;32m    362[0m         [38;5;124m'[39m[38;5;124menter_date[39m[38;5;124m'[39m: [38;5;241m1[39m,
[0;32m    363[0m         [38;5;124m'[39m[38;5;124menter_email[39m[38;5;124m'[39m: [38;5;241m2[39m,
[0;32m    364[0m         [38;5;124m'[39m[38;5;124menter_password[39m[38;5;124m'[39m: [38;5;241m5[39m,
[0;32m    365[0m         [38;5;124m'[39m[38;5;124menter_phone[39m[38;5;124m'[39m: [38;5;241m2[39m,
[0;32m    366[0m         [38;5;124m'[39m[38;5;124menter_recaptcha[39m[38;5;124m'[39m: [38;5;241m1[39m,
[0;32m    367[0m         [38;5;124m'[39m[38;5;124menter_text[39m[38;5;124m'[39m: [38;5;241m5[39m,
[0;32m    368[0m         [38;5;124m'[39m[38;5;124menter_username[39m[38;5;124m'[39m: [38;5;241m2[39m,
[0;32m    369[0m         [38;5;124m'[39m[38;5;124mgeneric_urt[39m[38;5;124m'[39m: [38;5;241m3[39m,
[0;32m    370[0m         [38;5;124m'[39m[38;5;124min_app_notification[39m[38;5;124m'[39m: [38;5;241m1[39m,
[0;32m    371[0m         [38;5;124m'[39m[38;5;124minterest_picker[39m[38;5;124m'[39m: [38;5;241m3[39m,
[0;32m    372[0m         [38;5;124m'[39m[38;5;124mjs_instrumentation[39m[38;5;124m'[39m: [38;5;241m1[39m,
[0;32m    373[0m         [38;5;124m'[39m[38;5;124mmenu_dialog[39m[38;5;124m'[39m: [38;5;241m1[39m,
[0;32m    374[0m         [38;5;124m'[39m[38;5;124mnotifications_permission_prompt[39m[38;5;124m'[39m: [38;5;241m2[39m,
[0;32m    375[0m         [38;5;124m'[39m[38;5;124mopen_account[39m[38;5;124m'[39m: [38;5;241m2[39m,
[0;32m    376[0m         [38;5;124m'[39m[38;5;124mopen_home_timeline[39m[38;5;124m'[39m: [38;5;241m1[39m,
[0;32m    377[0m         [38;5;124m'[39m[38;5;124mopen_link[39m[38;5;124m'[39m: [38;5;241m1[39m,
[0;32m    378[0m         [38;5;124m'[39m[38;5;124mphone_verification[39m[38;5;124m'[39m: [38;5;241m4[39m,
[0;32m    379[0m         [38;5;124m'[39m[38;5;124mprivacy_options[39m[38;5;124m'[39m: [38;5;241m1[39m,
[0;32m    380[0m         [38;5;124m'[39m[38;5;124msecurity_key[39m[38;5;124m'[39m: [38;5;241m3[39m,
[0;32m    381[0m         [38;5;124m'[39m[38;5;124mselect_avatar[39m[38;5;124m'[39m: [38;5;241m4[39m,
[0;32m    382[0m         [38;5;124m'[39m[38;5;124mselect_banner[39m[38;5;124m'[39m: [38;5;241m2[39m,
[0;32m    383[0m         [38;5;124m'[39m[38;5;124msettings_list[39m[38;5;124m'[39m: [38;5;241m7[39m,
[0;32m    384[0m         [38;5;124m'[39m[38;5;124mshow_code[39m[38;5;124m'[39m: [38;5;241m1[39m,
[0;32m    385[0m         [38;5;124m'[39m[38;5;124msign_up[39m[38;5;124m'[39m: [38;5;241m2[39m,
[0;32m    386[0m         [38;5;124m'[39m[38;5;124msign_up_review[39m[38;5;124m'[39m: [38;5;241m4[39m,
[0;32m    387[0m         [38;5;124m'[39m[38;5;124mtweet_selection_urt[39m[38;5;124m'[39m: [38;5;241m1[39m,
[0;32m    388[0m         [38;5;124m'[39m[38;5;124mupdate_users[39m[38;5;124m'[39m: [38;5;241m1[39m,
[0;32m    389[0m         [38;5;124m'[39m[38;5;124mupload_media[39m[38;5;124m'[39m: [38;5;241m1[39m,
[0;32m    390[0m         [38;5;124m'[39m[38;5;124muser_recommendations_list[39m[38;5;124m'[39m: [38;5;241m4[39m,
[0;32m    391[0m         [38;5;124m'[39m[38;5;124muser_recommendations_urt[39m[38;5;124m'[39m: [38;5;241m1[39m,
[0;32m    392[0m         [38;5;124m'[39m[38;5;124mwait_spinner[39m[38;5;124m'[39m: [38;5;241m3[39m,
[0;32m    393[0m         [38;5;124m'[39m[38;5;124mweb_modal[39m[38;5;124m'[39m: [38;5;241m1[39m
[0;32m    394[0m     }
[0;32m    395[0m })
[0;32m    396[0m [38;5;28;01mawait[39;00m flow[38;5;241m.[39msso_init([38;5;124m'[39m[38;5;124mapple[39m[38;5;124m'[39m)
[0;32m    398[0m [38;5;28;01mif[39;00m enable_ui_metrics:

File [1;32m~\AppData\Local\Programs\Python\Python310\lib\site-packages\twikit\utils.py:88[0m, in [0;36mFlow.execute_task[1;34m(self, *subtask_inputs, **kwargs)[0m
[0;32m     87[0m [38;5;28;01masync[39;00m [38;5;28;01mdef[39;00m[38;5;250m [39m[38;5;21mexecute_task[39m([38;5;28mself[39m, [38;5;241m*[39msubtask_inputs, [38;5;241m*[39m[38;5;241m*[39mkwargs) [38;5;241m-[39m[38;5;241m>[39m [38;5;28;01mNone[39;00m:
[1;32m---> 88[0m     response, _ [38;5;241m=[39m [38;5;28;01mawait[39;00m [38;5;28mself[39m[38;5;241m.[39m_client[38;5;241m.[39mv11[38;5;241m.[39monboarding_task(
[0;32m     89[0m         [38;5;28mself[39m[38;5;241m.[39mguest_token, [38;5;28mself[39m[38;5;241m.[39mtoken, [38;5;28mlist[39m(subtask_inputs), [38;5;241m*[39m[38;5;241m*[39mkwargs
[0;32m     90[0m     )
[0;32m     91[0m     [38;5;28mself[39m[38;5;241m.[39mresponse [38;5;241m=[39m response

File [1;32m~\AppData\Local\Programs\Python\Python310\lib\site-packages\twikit\client\v11.py:90[0m, in [0;36mV11Client.onboarding_task[1;34m(self, guest_token, token, subtask_inputs, data, **kwargs)[0m
[0;32m     87[0m     headers[[38;5;124m"[39m[38;5;124mx-csrf-token[39m[38;5;124m"[39m] [38;5;241m=[39m [38;5;28mself[39m[38;5;241m.[39mbase[38;5;241m.[39m_get_csrf_token()
[0;32m     88[0m     headers[[38;5;124m"[39m[38;5;124mx-twitter-auth-type[39m[38;5;124m"[39m] [38;5;241m=[39m [38;5;124m"[39m[38;5;124mOAuth2Session[39m[38;5;124m"[39m
[1;32m---> 90[0m [38;5;28;01mreturn[39;00m [38;5;28;01mawait[39;00m [38;5;28mself[39m[38;5;241m.[39mbase[38;5;241m.[39mpost(
[0;32m     91[0m     Endpoint[38;5;241m.[39mONBOARDING_TASK,
[0;32m     92[0m     json[38;5;241m=[39mdata,
[0;32m     93[0m     headers[38;5;241m=[39mheaders,
[0;32m     94[0m     [38;5;241m*[39m[38;5;241m*[39mkwargs
[0;32m     95[0m )

File [1;32m~\AppData\Local\Programs\Python\Python310\lib\site-packages\twikit\client\client.py:215[0m, in [0;36mClient.post[1;34m(self, url, **kwargs)[0m
[0;32m    213[0m [38;5;28;01masync[39;00m [38;5;28;01mdef[39;00m[38;5;250m [39m[38;5;21mpost[39m([38;5;28mself[39m, url, [38;5;241m*[39m[38;5;241m*[39mkwargs) [38;5;241m-[39m[38;5;241m>[39m [38;5;28mtuple[39m[[38;5;28mdict[39m [38;5;241m|[39m Any, Response]:
[0;32m    214[0m     [38;5;124m'[39m[38;5;124m:meta private:[39m[38;5;124m'[39m
[1;32m--> 215[0m     [38;5;28;01mreturn[39;00m [38;5;28;01mawait[39;00m [38;5;28mself[39m[38;5;241m.[39mrequest([38;5;124m'[39m[38;5;124mPOST[39m[38;5;124m'[39m, url, [38;5;241m*[39m[38;5;241m*[39mkwargs)

File [1;32m~\AppData\Local\Programs\Python\Python310\lib\site-packages\twikit\client\client.py:190[0m, in [0;36mClient.request[1;34m(self, method, url, auto_unlock, raise_exception, **kwargs)[0m
[0;32m    188[0m     [38;5;28;01mraise[39;00m Unauthorized(message, headers[38;5;241m=[39mresponse[38;5;241m.[39mheaders)
[0;32m    189[0m [38;5;28;01melif[39;00m status_code [38;5;241m==[39m [38;5;241m403[39m:
[1;32m--> 190[0m     [38;5;28;01mraise[39;00m Forbidden(message, headers[38;5;241m=[39mresponse[38;5;241m.[39mheaders)
[0;32m    191[0m [38;5;28;01melif[39;00m status_code [38;5;241m==[39m [38;5;241m404[39m:
[0;32m    192[0m     [38;5;28;01mraise[39;00m NotFound(message, headers[38;5;241m=[39mresponse[38;5;241m.[39mheaders)

[1;31mForbidden[0m: status: 403, message: "<!DOCTYPE html>
<!--[if lt IE 7]> <html class="no-js ie6 oldie" lang="en-US"> <![endif]-->
<!--[if IE 7]>    <html class="no-js ie7 oldie" lang="en-US"> <![endif]-->
<!--[if IE 8]>    <html class="no-js ie8 oldie" lang="en-US"> <![endif]-->
<!--[if gt IE 8]><!--> <html class="no-js" lang="en-US"> <!--<![endif]-->
<head>
<title>Attention Required! | Cloudflare</title>
<meta charset="UTF-8" />
<meta http-equiv="Content-Type" content="text/html; charset=UTF-8" />
<meta http-equiv="X-UA-Compatible" content="IE=Edge" />
<meta name="robots" content="noindex, nofollow" />
<meta name="viewport" content="width=device-width,initial-scale=1" />
<link rel="stylesheet" id="cf_styles-css" href="/cdn-cgi/styles/cf.errors.css" />
<!--[if lt IE 9]><link rel="stylesheet" id='cf_styles-ie-css' href="/cdn-cgi/styles/cf.errors.ie.css" /><![endif]-->
<style>body{margin:0;padding:0}</style>


<!--[if gte IE 10]><!-->
<script>
  if (!navigator.cookieEnabled) {
    window.addEventListener('DOMContentLoaded', function () {
      var cookieEl = document.getElementById('cookie-alert');
      cookieEl.style.display = 'block';
    })
  }
</script>
<!--<![endif]-->

</head>
<body>
  <div id="cf-wrapper">
    <div class="cf-alert cf-alert-error cf-cookie-error" id="cookie-alert" data-translate="enable_cookies">Please enable cookies.</div>
    <div id="cf-error-details" class="cf-error-details-wrapper">
      <div class="cf-wrapper cf-header cf-error-overview">
        <h1 data-translate="block_headline">Sorry, you have been blocked</h1>
        <h2 class="cf-subheadline"><span data-translate="unable_to_access">You are unable to access</span> x.com</h2>
      </div><!-- /.header -->

      <div class="cf-section cf-highlight">
        <div class="cf-wrapper">
          <div class="cf-screenshot-container cf-screenshot-full">
            
              <span class="cf-no-screenshot error"></span>
            
          </div>
        </div>
      </div><!-- /.captcha-container -->

      <div class="cf-section cf-wrapper">
        <div class="cf-columns two">
          <div class="cf-column">
            <h2 data-translate="blocked_why_headline">Why have I been blocked?</h2>

            <p data-translate="blocked_why_detail">This website is using a security service to protect itself from online attacks. The action you just performed triggered the security solution. There are several actions that could trigger this block including submitting a certain word or phrase, a SQL command or malformed data.</p>
          </div>

          <div class="cf-column">
            <h2 data-translate="blocked_resolve_headline">What can I do to resolve this?</h2>

            <p data-translate="blocked_resolve_detail">You can email the site owner to let them know you were blocked. Please include what you were doing when this page came up and the Cloudflare Ray ID found at the bottom of this page.</p>
          </div>
        </div>
      </div><!-- /.section -->

      <div class="cf-error-footer cf-wrapper w-240 lg:w-full py-10 sm:py-4 sm:px-8 mx-auto text-center sm:text-left border-solid border-0 border-t border-gray-300">
    <p class="text-13">
      <span class="cf-footer-item sm:block sm:mb-1">Cloudflare Ray ID: <strong class="font-semibold">9aeefd833a74fc0c</strong></span>
      <span class="cf-footer-separator sm:hidden">&bull;</span>
      <span id="cf-footer-item-ip" class="cf-footer-item hidden sm:block sm:mb-1">
        Your IP:
        <button type="button" id="cf-footer-ip-reveal" class="cf-footer-ip-reveal-btn">Click to reveal</button>
        <span class="hidden" id="cf-footer-ip">180.247.139.108</span>
        <span class="cf-footer-separator sm:hidden">&bull;</span>
      </span>
      <span class="cf-footer-item sm:block sm:mb-1"><span>Performance &amp; security by</span> <a rel="noopener noreferrer" href="https://www.cloudflare.com/5xx-error-landing" id="brand_link" target="_blank">Cloudflare</a></span>
      
    </p>
    <script>(function(){function d(){var b=a.getElementById("cf-footer-item-ip"),c=a.getElementById("cf-footer-ip-reveal");b&&"classList"in b&&(b.classList.remove("hidden"),c.addEventListener("click",function(){c.classList.add("hidden");a.getElementById("cf-footer-ip").classList.remove("hidden")}))}var a=document;document.addEventListener&&a.addEventListener("DOMContentLoaded",d)})();</script>
  </div><!-- /.error-footer -->

    </div><!-- /#cf-error-details -->
  </div><!-- /#cf-wrapper -->

  <script>
    window._cf_translation = {};
    
    
  </script>
</body>
</html>"
Forbidden: status: 403, message: "<!DOCTYPE html>
<!--[if lt IE 7]> <html class="no-js ie6 oldie" lang="en-US"> <![endif]-->
<!--[if IE 7]>    <html class="no-js ie7 oldie" lang="en-US"> <![endif]-->
<!--[if IE 8]>    <html class="no-js ie8 oldie" lang="en-US"> <![endif]-->
<!--[if gt IE 8]><!--> <html class="no-js" lang="en-US"> <!--<![endif]-->
<head>
<title>Attention Required! | Cloudflare</title>
<meta charset="UTF-8" />
<meta http-equiv="Content-Type" content="text/html; charset=UTF-8" />
<meta http-equiv="X-UA-Compatible" content="IE=Edge" />
<meta name="robots" content="noindex, nofollow" />
<meta name="viewport" content="width=device-width,initial-scale=1" />
<link rel="stylesheet" id="cf_styles-css" href="/cdn-cgi/styles/cf.errors.css" />
<!--[if lt IE 9]><link rel="stylesheet" id='cf_styles-ie-css' href="/cdn-cgi/styles/cf.errors.ie.css" /><![endif]-->
<style>body{margin:0;padding:0}</style>


<!--[if gte IE 10]><!-->
<script>
  if (!navigator.cookieEnabled) {
    window.addEventListener('DOMContentLoaded', function () {
      var cookieEl = document.getElementById('cookie-alert');
      cookieEl.style.display = 'block';
    })
  }
</script>
<!--<![endif]-->

</head>
<body>
  <div id="cf-wrapper">
    <div class="cf-alert cf-alert-error cf-cookie-error" id="cookie-alert" data-translate="enable_cookies">Please enable cookies.</div>
    <div id="cf-error-details" class="cf-error-details-wrapper">
      <div class="cf-wrapper cf-header cf-error-overview">
        <h1 data-translate="block_headline">Sorry, you have been blocked</h1>
        <h2 class="cf-subheadline"><span data-translate="unable_to_access">You are unable to access</span> x.com</h2>
      </div><!-- /.header -->

      <div class="cf-section cf-highlight">
        <div class="cf-wrapper">
          <div class="cf-screenshot-container cf-screenshot-full">
            
              <span class="cf-no-screenshot error"></span>
            
          </div>
        </div>
      </div><!-- /.captcha-container -->

      <div class="cf-section cf-wrapper">
        <div class="cf-columns two">
          <div class="cf-column">
            <h2 data-translate="blocked_why_headline">Why have I been blocked?</h2>

            <p data-translate="blocked_why_detail">This website is using a security service to protect itself from online attacks. The action you just performed triggered the security solution. There are several actions that could trigger this block including submitting a certain word or phrase, a SQL command or malformed data.</p>
          </div>

          <div class="cf-column">
            <h2 data-translate="blocked_resolve_headline">What can I do to resolve this?</h2>

            <p data-translate="blocked_resolve_detail">You can email the site owner to let them know you were blocked. Please include what you were doing when this page came up and the Cloudflare Ray ID found at the bottom of this page.</p>
          </div>
        </div>
      </div><!-- /.section -->

      <div class="cf-error-footer cf-wrapper w-240 lg:w-full py-10 sm:py-4 sm:px-8 mx-auto text-center sm:text-left border-solid border-0 border-t border-gray-300">
    <p class="text-13">
      <span class="cf-footer-item sm:block sm:mb-1">Cloudflare Ray ID: <strong class="font-semibold">9aeefd833a74fc0c</strong></span>
      <span class="cf-footer-separator sm:hidden">&bull;</span>
      <span id="cf-footer-item-ip" class="cf-footer-item hidden sm:block sm:mb-1">
        Your IP:
        <button type="button" id="cf-footer-ip-reveal" class="cf-footer-ip-reveal-btn">Click to reveal</button>
        <span class="hidden" id="cf-footer-ip">180.247.139.108</span>
        <span class="cf-footer-separator sm:hidden">&bull;</span>
      </span>
      <span class="cf-footer-item sm:block sm:mb-1"><span>Performance &amp; security by</span> <a rel="noopener noreferrer" href="https://www.cloudflare.com/5xx-error-landing" id="brand_link" target="_blank">Cloudflare</a></span>
      
    </p>
    <script>(function(){function d(){var b=a.getElementById("cf-footer-item-ip"),c=a.getElementById("cf-footer-ip-reveal");b&&"classList"in b&&(b.classList.remove("hidden"),c.addEventListener("click",function(){c.classList.add("hidden");a.getElementById("cf-footer-ip").classList.remove("hidden")}))}var a=document;document.addEventListener&&a.addEventListener("DOMContentLoaded",d)})();</script>
  </div><!-- /.error-footer -->

    </div><!-- /#cf-error-details -->
  </div><!-- /#cf-wrapper -->

  <script>
    window._cf_translation = {};
    
    
  </script>
</body>
</html>"

